GAS LISTING C:\DOCUME~1\hut\LOCALS~1\Temp/ccqMyg3g.s 			page 1


   1               		.file	"vt100.c"
   2               	__SREG__ = 0x3f
   3               	__SP_H__ = 0x3e
   4               	__SP_L__ = 0x3d
   5               	__CCP__  = 0x34
   6               	__tmp_reg__ = 0
   7               	__zero_reg__ = 1
   8               		.global __do_copy_data
   9               		.global __do_clear_bss
  10               		.section	.debug_abbrev,"",@progbits
  11               	.Ldebug_abbrev0:
  12               		.section	.debug_info,"",@progbits
  13               	.Ldebug_info0:
  14               		.section	.debug_line,"",@progbits
  15               	.Ldebug_line0:
  16               		.text
  17               	.Ltext0:
  18               	.global	vt100SetCursorPos
  19               		.type	vt100SetCursorPos, @function
  20               	vt100SetCursorPos:
  21               	.LFB6:
  22               	.LM1:
  23               	.LVL0:
  24               	/* prologue: function */
  25               	/* frame size = 0 */
  26               	.LM2:
  27 0000 70E0      		ldi r23,lo8(0)
  28               	.LVL1:
  29 0002 7F93      		push r23
  30 0004 6F93      		push r22
  31 0006 90E0      		ldi r25,lo8(0)
  32               	.LVL2:
  33 0008 9F93      		push r25
  34 000a 8F93      		push r24
  35 000c 80E0      		ldi r24,lo8(__c.1393)
  36 000e 90E0      		ldi r25,hi8(__c.1393)
  37               	.LVL3:
  38 0010 9F93      		push r25
  39 0012 8F93      		push r24
  40 0014 81E0      		ldi r24,lo8(1)
  41 0016 8F93      		push r24
  42 0018 0E94 0000 		call rprintf1RamRom
  43               	.LVL4:
  44 001c 8DB7      		in r24,__SP_L__
  45 001e 9EB7      		in r25,__SP_H__
  46 0020 0796      		adiw r24,7
  47 0022 0FB6      		in __tmp_reg__,__SREG__
  48 0024 F894      		cli
  49 0026 9EBF      		out __SP_H__,r25
  50 0028 0FBE      		out __SREG__,__tmp_reg__
  51 002a 8DBF      		out __SP_L__,r24
  52               	/* epilogue start */
  53               	.LM3:
  54 002c 0895      		ret
  55               	.LFE6:
  56               		.size	vt100SetCursorPos, .-vt100SetCursorPos
  57               	.global	vt100SetCursorMode
GAS LISTING C:\DOCUME~1\hut\LOCALS~1\Temp/ccqMyg3g.s 			page 2


  58               		.type	vt100SetCursorMode, @function
  59               	vt100SetCursorMode:
  60               	.LFB5:
  61               	.LM4:
  62               	.LVL5:
  63               	/* prologue: function */
  64               	/* frame size = 0 */
  65               	.LM5:
  66 002e 8823      		tst r24
  67 0030 01F0      		breq .L4
  68               	.LM6:
  69 0032 80E0      		ldi r24,lo8(__c.1385)
  70 0034 90E0      		ldi r25,hi8(__c.1385)
  71               	.LVL6:
  72 0036 00C0      		rjmp .L7
  73               	.LVL7:
  74               	.L4:
  75               	.LM7:
  76 0038 80E0      		ldi r24,lo8(__c.1387)
  77 003a 90E0      		ldi r25,hi8(__c.1387)
  78               	.LVL8:
  79               	.L7:
  80 003c 9F93      		push r25
  81 003e 8F93      		push r24
  82 0040 81E0      		ldi r24,lo8(1)
  83 0042 8F93      		push r24
  84 0044 0E94 0000 		call rprintf1RamRom
  85 0048 0F90      		pop __tmp_reg__
  86 004a 0F90      		pop __tmp_reg__
  87 004c 0F90      		pop __tmp_reg__
  88 004e 0895      		ret
  89               	.LFE5:
  90               		.size	vt100SetCursorMode, .-vt100SetCursorMode
  91               	.global	vt100SetAttr
  92               		.type	vt100SetAttr, @function
  93               	vt100SetAttr:
  94               	.LFB4:
  95               	.LM8:
  96               	.LVL9:
  97               	/* prologue: function */
  98               	/* frame size = 0 */
  99               	.LM9:
 100 0050 90E0      		ldi r25,lo8(0)
 101               	.LVL10:
 102 0052 9F93      		push r25
 103 0054 8F93      		push r24
 104 0056 80E0      		ldi r24,lo8(__c.1379)
 105 0058 90E0      		ldi r25,hi8(__c.1379)
 106               	.LVL11:
 107 005a 9F93      		push r25
 108 005c 8F93      		push r24
 109 005e 81E0      		ldi r24,lo8(1)
 110 0060 8F93      		push r24
 111 0062 0E94 0000 		call rprintf1RamRom
 112               	.LVL12:
 113 0066 0F90      		pop __tmp_reg__
 114 0068 0F90      		pop __tmp_reg__
GAS LISTING C:\DOCUME~1\hut\LOCALS~1\Temp/ccqMyg3g.s 			page 3


 115 006a 0F90      		pop __tmp_reg__
 116 006c 0F90      		pop __tmp_reg__
 117 006e 0F90      		pop __tmp_reg__
 118               	/* epilogue start */
 119               	.LM10:
 120 0070 0895      		ret
 121               	.LFE4:
 122               		.size	vt100SetAttr, .-vt100SetAttr
 123               	.global	vt100ClearScreen
 124               		.type	vt100ClearScreen, @function
 125               	vt100ClearScreen:
 126               	.LFB3:
 127               	.LM11:
 128               	/* prologue: function */
 129               	/* frame size = 0 */
 130               	.LM12:
 131 0072 80E0      		ldi r24,lo8(__c.1374)
 132 0074 90E0      		ldi r25,hi8(__c.1374)
 133 0076 0E94 0000 		call rprintfProgStr
 134               	/* epilogue start */
 135               	.LM13:
 136 007a 0895      		ret
 137               	.LFE3:
 138               		.size	vt100ClearScreen, .-vt100ClearScreen
 139               	.global	vt100Init
 140               		.type	vt100Init, @function
 141               	vt100Init:
 142               	.LFB2:
 143               	.LM14:
 144               	/* prologue: function */
 145               	/* frame size = 0 */
 146               	.LM15:
 147 007c 80E0      		ldi r24,lo8(__c.1369)
 148 007e 90E0      		ldi r25,hi8(__c.1369)
 149 0080 0E94 0000 		call rprintfProgStr
 150               	/* epilogue start */
 151               	.LM16:
 152 0084 0895      		ret
 153               	.LFE2:
 154               		.size	vt100Init, .-vt100Init
 155               		.section	.progmem.data,"a",@progbits
 156               		.type	__c.1393, @object
 157               		.size	__c.1393, 9
 158               	__c.1393:
 159 0000 1B5B 2564 		.string	"\033[%d;%dH"
 159      3B25 6448 
 159      00
 160               		.type	__c.1387, @object
 161               		.size	__c.1387, 7
 162               	__c.1387:
 163 0009 1B5B 3F32 		.string	"\033[?25l"
 163      356C 00
 164               		.type	__c.1385, @object
 165               		.size	__c.1385, 7
 166               	__c.1385:
 167 0010 1B5B 3F32 		.string	"\033[?25h"
 167      3568 00
GAS LISTING C:\DOCUME~1\hut\LOCALS~1\Temp/ccqMyg3g.s 			page 4


 168               		.type	__c.1379, @object
 169               		.size	__c.1379, 6
 170               	__c.1379:
 171 0017 1B5B 2564 		.string	"\033[%dm"
 171      6D00 
 172               		.type	__c.1374, @object
 173               		.size	__c.1374, 5
 174               	__c.1374:
 175 001d 1B5B 324A 		.string	"\033[2J"
 175      00
 176               		.type	__c.1369, @object
 177               		.size	__c.1369, 3
 178               	__c.1369:
 179 0022 1B63 00   		.string	"\033c"
 180               		.section	.debug_frame,"",@progbits
 181               	.Lframe0:
 182 0000 0C00 0000 		.long	.LECIE0-.LSCIE0
 183               	.LSCIE0:
 184 0004 FFFF FFFF 		.long	0xffffffff
 185 0008 01        		.byte	0x1
 186 0009 00        		.string	""
 187 000a 01        		.uleb128 0x1
 188 000b 7F        		.sleb128 -1
 189 000c 24        		.byte	0x24
 190 000d 0C        		.byte	0xc
 191 000e 20        		.uleb128 0x20
 192 000f 00        		.uleb128 0x0
 193               		.p2align	2
 194               	.LECIE0:
 195               	.LSFDE0:
 196 0010 0C00 0000 		.long	.LEFDE0-.LASFDE0
 197               	.LASFDE0:
 198 0014 0000 0000 		.long	.Lframe0
 199 0018 0000 0000 		.long	.LFB6
 200 001c 2E00 0000 		.long	.LFE6-.LFB6
 201               		.p2align	2
 202               	.LEFDE0:
 203               	.LSFDE2:
 204 0020 0C00 0000 		.long	.LEFDE2-.LASFDE2
 205               	.LASFDE2:
 206 0024 0000 0000 		.long	.Lframe0
 207 0028 0000 0000 		.long	.LFB5
 208 002c 2200 0000 		.long	.LFE5-.LFB5
 209               		.p2align	2
 210               	.LEFDE2:
 211               	.LSFDE4:
 212 0030 0C00 0000 		.long	.LEFDE4-.LASFDE4
 213               	.LASFDE4:
 214 0034 0000 0000 		.long	.Lframe0
 215 0038 0000 0000 		.long	.LFB4
 216 003c 2200 0000 		.long	.LFE4-.LFB4
 217               		.p2align	2
 218               	.LEFDE4:
 219               	.LSFDE6:
 220 0040 0C00 0000 		.long	.LEFDE6-.LASFDE6
 221               	.LASFDE6:
 222 0044 0000 0000 		.long	.Lframe0
GAS LISTING C:\DOCUME~1\hut\LOCALS~1\Temp/ccqMyg3g.s 			page 5


 223 0048 0000 0000 		.long	.LFB3
 224 004c 0A00 0000 		.long	.LFE3-.LFB3
 225               		.p2align	2
 226               	.LEFDE6:
 227               	.LSFDE8:
 228 0050 0C00 0000 		.long	.LEFDE8-.LASFDE8
 229               	.LASFDE8:
 230 0054 0000 0000 		.long	.Lframe0
 231 0058 0000 0000 		.long	.LFB2
 232 005c 0A00 0000 		.long	.LFE2-.LFB2
 233               		.p2align	2
 234               	.LEFDE8:
 235               		.text
 236               	.Letext0:
 237               		.section	.debug_loc,"",@progbits
 238               	.Ldebug_loc0:
 239               	.LLST1:
 240 0000 0000 0000 		.long	.LVL0-.Ltext0
 241 0004 0800 0000 		.long	.LVL2-.Ltext0
 242 0008 0100      		.word	0x1
 243 000a 68        		.byte	0x68
 244 000b 0800 0000 		.long	.LVL2-.Ltext0
 245 000f 1000 0000 		.long	.LVL3-.Ltext0
 246 0013 0600      		.word	0x6
 247 0015 68        		.byte	0x68
 248 0016 93        		.byte	0x93
 249 0017 01        		.uleb128 0x1
 250 0018 69        		.byte	0x69
 251 0019 93        		.byte	0x93
 252 001a 01        		.uleb128 0x1
 253 001b 0000 0000 		.long	0x0
 254 001f 0000 0000 		.long	0x0
 255               	.LLST2:
 256 0023 0000 0000 		.long	.LVL0-.Ltext0
 257 0027 0200 0000 		.long	.LVL1-.Ltext0
 258 002b 0100      		.word	0x1
 259 002d 66        		.byte	0x66
 260 002e 0200 0000 		.long	.LVL1-.Ltext0
 261 0032 1C00 0000 		.long	.LVL4-.Ltext0
 262 0036 0600      		.word	0x6
 263 0038 66        		.byte	0x66
 264 0039 93        		.byte	0x93
 265 003a 01        		.uleb128 0x1
 266 003b 67        		.byte	0x67
 267 003c 93        		.byte	0x93
 268 003d 01        		.uleb128 0x1
 269 003e 0000 0000 		.long	0x0
 270 0042 0000 0000 		.long	0x0
 271               	.LLST4:
 272 0046 2E00 0000 		.long	.LVL5-.Ltext0
 273 004a 3600 0000 		.long	.LVL6-.Ltext0
 274 004e 0100      		.word	0x1
 275 0050 68        		.byte	0x68
 276 0051 3800 0000 		.long	.LVL7-.Ltext0
 277 0055 3C00 0000 		.long	.LVL8-.Ltext0
 278 0059 0100      		.word	0x1
 279 005b 68        		.byte	0x68
GAS LISTING C:\DOCUME~1\hut\LOCALS~1\Temp/ccqMyg3g.s 			page 6


 280 005c 0000 0000 		.long	0x0
 281 0060 0000 0000 		.long	0x0
 282               	.LLST6:
 283 0064 5000 0000 		.long	.LVL9-.Ltext0
 284 0068 5200 0000 		.long	.LVL10-.Ltext0
 285 006c 0100      		.word	0x1
 286 006e 68        		.byte	0x68
 287 006f 5200 0000 		.long	.LVL10-.Ltext0
 288 0073 5A00 0000 		.long	.LVL11-.Ltext0
 289 0077 0600      		.word	0x6
 290 0079 68        		.byte	0x68
 291 007a 93        		.byte	0x93
 292 007b 01        		.uleb128 0x1
 293 007c 69        		.byte	0x69
 294 007d 93        		.byte	0x93
 295 007e 01        		.uleb128 0x1
 296 007f 0000 0000 		.long	0x0
 297 0083 0000 0000 		.long	0x0
 298               		.section	.debug_info
 299 0000 0C02 0000 		.long	0x20c
 300 0004 0200      		.word	0x2
 301 0006 0000 0000 		.long	.Ldebug_abbrev0
 302 000a 04        		.byte	0x4
 303 000b 01        		.uleb128 0x1
 304 000c 0000 0000 		.long	.LASF18
 305 0010 01        		.byte	0x1
 306 0011 0000 0000 		.long	.LASF19
 307 0015 0000 0000 		.long	.Ltext0
 308 0019 0000 0000 		.long	.Letext0
 309 001d 0000 0000 		.long	.Ldebug_line0
 310 0021 02        		.uleb128 0x2
 311 0022 01        		.byte	0x1
 312 0023 06        		.byte	0x6
 313 0024 0000 0000 		.long	.LASF0
 314 0028 02        		.uleb128 0x2
 315 0029 01        		.byte	0x1
 316 002a 08        		.byte	0x8
 317 002b 0000 0000 		.long	.LASF1
 318 002f 03        		.uleb128 0x3
 319 0030 02        		.byte	0x2
 320 0031 05        		.byte	0x5
 321 0032 696E 7400 		.string	"int"
 322 0036 02        		.uleb128 0x2
 323 0037 02        		.byte	0x2
 324 0038 07        		.byte	0x7
 325 0039 0000 0000 		.long	.LASF2
 326 003d 02        		.uleb128 0x2
 327 003e 04        		.byte	0x4
 328 003f 05        		.byte	0x5
 329 0040 0000 0000 		.long	.LASF3
 330 0044 02        		.uleb128 0x2
 331 0045 04        		.byte	0x4
 332 0046 07        		.byte	0x7
 333 0047 0000 0000 		.long	.LASF4
 334 004b 02        		.uleb128 0x2
 335 004c 08        		.byte	0x8
 336 004d 05        		.byte	0x5
GAS LISTING C:\DOCUME~1\hut\LOCALS~1\Temp/ccqMyg3g.s 			page 7


 337 004e 0000 0000 		.long	.LASF5
 338 0052 02        		.uleb128 0x2
 339 0053 08        		.byte	0x8
 340 0054 07        		.byte	0x7
 341 0055 0000 0000 		.long	.LASF6
 342 0059 04        		.uleb128 0x4
 343 005a 01        		.byte	0x1
 344 005b 06        		.byte	0x6
 345 005c 04        		.uleb128 0x4
 346 005d 01        		.byte	0x1
 347 005e 08        		.byte	0x8
 348 005f 05        		.uleb128 0x5
 349 0060 7530 3800 		.string	"u08"
 350 0064 02        		.byte	0x2
 351 0065 20        		.byte	0x20
 352 0066 2800 0000 		.long	0x28
 353 006a 02        		.uleb128 0x2
 354 006b 02        		.byte	0x2
 355 006c 07        		.byte	0x7
 356 006d 0000 0000 		.long	.LASF7
 357 0071 02        		.uleb128 0x2
 358 0072 02        		.byte	0x2
 359 0073 05        		.byte	0x5
 360 0074 0000 0000 		.long	.LASF8
 361 0078 02        		.uleb128 0x2
 362 0079 01        		.byte	0x1
 363 007a 06        		.byte	0x6
 364 007b 0000 0000 		.long	.LASF9
 365 007f 06        		.uleb128 0x6
 366 0080 01        		.byte	0x1
 367 0081 0000 0000 		.long	.LASF11
 368 0085 01        		.byte	0x1
 369 0086 41        		.byte	0x41
 370 0087 01        		.byte	0x1
 371 0088 0000 0000 		.long	.LFB6
 372 008c 0000 0000 		.long	.LFE6
 373 0090 02        		.byte	0x2
 374 0091 90        		.byte	0x90
 375 0092 20        		.uleb128 0x20
 376 0093 C700 0000 		.long	0xc7
 377 0097 07        		.uleb128 0x7
 378 0098 0000 0000 		.long	.LASF10
 379 009c 01        		.byte	0x1
 380 009d 40        		.byte	0x40
 381 009e 5F00 0000 		.long	0x5f
 382 00a2 0000 0000 		.long	.LLST1
 383 00a6 08        		.uleb128 0x8
 384 00a7 636F 6C00 		.string	"col"
 385 00ab 01        		.byte	0x1
 386 00ac 40        		.byte	0x40
 387 00ad 5F00 0000 		.long	0x5f
 388 00b1 0000 0000 		.long	.LLST2
 389 00b5 09        		.uleb128 0x9
 390 00b6 5F5F 6300 		.string	"__c"
 391 00ba 01        		.byte	0x1
 392 00bb 43        		.byte	0x43
 393 00bc 0A02 0000 		.long	0x20a
GAS LISTING C:\DOCUME~1\hut\LOCALS~1\Temp/ccqMyg3g.s 			page 8


 394 00c0 05        		.byte	0x5
 395 00c1 03        		.byte	0x3
 396 00c2 0000 0000 		.long	__c.1393
 397 00c6 00        		.byte	0x0
 398 00c7 06        		.uleb128 0x6
 399 00c8 01        		.byte	0x1
 400 00c9 0000 0000 		.long	.LASF12
 401 00cd 01        		.byte	0x1
 402 00ce 37        		.byte	0x37
 403 00cf 01        		.byte	0x1
 404 00d0 0000 0000 		.long	.LFB5
 405 00d4 0000 0000 		.long	.LFE5
 406 00d8 02        		.byte	0x2
 407 00d9 90        		.byte	0x90
 408 00da 20        		.uleb128 0x20
 409 00db 1101 0000 		.long	0x111
 410 00df 07        		.uleb128 0x7
 411 00e0 0000 0000 		.long	.LASF13
 412 00e4 01        		.byte	0x1
 413 00e5 36        		.byte	0x36
 414 00e6 5F00 0000 		.long	0x5f
 415 00ea 0000 0000 		.long	.LLST4
 416 00ee 09        		.uleb128 0x9
 417 00ef 5F5F 6300 		.string	"__c"
 418 00f3 01        		.byte	0x1
 419 00f4 3A        		.byte	0x3a
 420 00f5 F001 0000 		.long	0x1f0
 421 00f9 05        		.byte	0x5
 422 00fa 03        		.byte	0x3
 423 00fb 0000 0000 		.long	__c.1385
 424 00ff 09        		.uleb128 0x9
 425 0100 5F5F 6300 		.string	"__c"
 426 0104 01        		.byte	0x1
 427 0105 3D        		.byte	0x3d
 428 0106 F501 0000 		.long	0x1f5
 429 010a 05        		.byte	0x5
 430 010b 03        		.byte	0x3
 431 010c 0000 0000 		.long	__c.1387
 432 0110 00        		.byte	0x0
 433 0111 06        		.uleb128 0x6
 434 0112 01        		.byte	0x1
 435 0113 0000 0000 		.long	.LASF14
 436 0117 01        		.byte	0x1
 437 0118 31        		.byte	0x31
 438 0119 01        		.byte	0x1
 439 011a 0000 0000 		.long	.LFB4
 440 011e 0000 0000 		.long	.LFE4
 441 0122 02        		.byte	0x2
 442 0123 90        		.byte	0x90
 443 0124 20        		.uleb128 0x20
 444 0125 4A01 0000 		.long	0x14a
 445 0129 07        		.uleb128 0x7
 446 012a 0000 0000 		.long	.LASF15
 447 012e 01        		.byte	0x1
 448 012f 30        		.byte	0x30
 449 0130 5F00 0000 		.long	0x5f
 450 0134 0000 0000 		.long	.LLST6
GAS LISTING C:\DOCUME~1\hut\LOCALS~1\Temp/ccqMyg3g.s 			page 9


 451 0138 09        		.uleb128 0x9
 452 0139 5F5F 6300 		.string	"__c"
 453 013d 01        		.byte	0x1
 454 013e 33        		.byte	0x33
 455 013f DB01 0000 		.long	0x1db
 456 0143 05        		.byte	0x5
 457 0144 03        		.byte	0x3
 458 0145 0000 0000 		.long	__c.1379
 459 0149 00        		.byte	0x0
 460 014a 06        		.uleb128 0x6
 461 014b 01        		.byte	0x1
 462 014c 0000 0000 		.long	.LASF16
 463 0150 01        		.byte	0x1
 464 0151 2B        		.byte	0x2b
 465 0152 01        		.byte	0x1
 466 0153 0000 0000 		.long	.LFB3
 467 0157 0000 0000 		.long	.LFE3
 468 015b 02        		.byte	0x2
 469 015c 90        		.byte	0x90
 470 015d 20        		.uleb128 0x20
 471 015e 7401 0000 		.long	0x174
 472 0162 09        		.uleb128 0x9
 473 0163 5F5F 6300 		.string	"__c"
 474 0167 01        		.byte	0x1
 475 0168 2D        		.byte	0x2d
 476 0169 C601 0000 		.long	0x1c6
 477 016d 05        		.byte	0x5
 478 016e 03        		.byte	0x3
 479 016f 0000 0000 		.long	__c.1374
 480 0173 00        		.byte	0x0
 481 0174 06        		.uleb128 0x6
 482 0175 01        		.byte	0x1
 483 0176 0000 0000 		.long	.LASF17
 484 017a 01        		.byte	0x1
 485 017b 24        		.byte	0x24
 486 017c 01        		.byte	0x1
 487 017d 0000 0000 		.long	.LFB2
 488 0181 0000 0000 		.long	.LFE2
 489 0185 02        		.byte	0x2
 490 0186 90        		.byte	0x90
 491 0187 20        		.uleb128 0x20
 492 0188 9E01 0000 		.long	0x19e
 493 018c 09        		.uleb128 0x9
 494 018d 5F5F 6300 		.string	"__c"
 495 0191 01        		.byte	0x1
 496 0192 27        		.byte	0x27
 497 0193 B101 0000 		.long	0x1b1
 498 0197 05        		.byte	0x5
 499 0198 03        		.byte	0x3
 500 0199 0000 0000 		.long	__c.1369
 501 019d 00        		.byte	0x0
 502 019e 0A        		.uleb128 0xa
 503 019f 7800 0000 		.long	0x78
 504 01a3 AE01 0000 		.long	0x1ae
 505 01a7 0B        		.uleb128 0xb
 506 01a8 AE01 0000 		.long	0x1ae
 507 01ac 02        		.byte	0x2
GAS LISTING C:\DOCUME~1\hut\LOCALS~1\Temp/ccqMyg3g.s 			page 10


 508 01ad 00        		.byte	0x0
 509 01ae 04        		.uleb128 0x4
 510 01af 02        		.byte	0x2
 511 01b0 07        		.byte	0x7
 512 01b1 0C        		.uleb128 0xc
 513 01b2 9E01 0000 		.long	0x19e
 514 01b6 0A        		.uleb128 0xa
 515 01b7 7800 0000 		.long	0x78
 516 01bb C601 0000 		.long	0x1c6
 517 01bf 0B        		.uleb128 0xb
 518 01c0 AE01 0000 		.long	0x1ae
 519 01c4 04        		.byte	0x4
 520 01c5 00        		.byte	0x0
 521 01c6 0C        		.uleb128 0xc
 522 01c7 B601 0000 		.long	0x1b6
 523 01cb 0A        		.uleb128 0xa
 524 01cc 7800 0000 		.long	0x78
 525 01d0 DB01 0000 		.long	0x1db
 526 01d4 0B        		.uleb128 0xb
 527 01d5 AE01 0000 		.long	0x1ae
 528 01d9 05        		.byte	0x5
 529 01da 00        		.byte	0x0
 530 01db 0C        		.uleb128 0xc
 531 01dc CB01 0000 		.long	0x1cb
 532 01e0 0A        		.uleb128 0xa
 533 01e1 7800 0000 		.long	0x78
 534 01e5 F001 0000 		.long	0x1f0
 535 01e9 0B        		.uleb128 0xb
 536 01ea AE01 0000 		.long	0x1ae
 537 01ee 06        		.byte	0x6
 538 01ef 00        		.byte	0x0
 539 01f0 0C        		.uleb128 0xc
 540 01f1 E001 0000 		.long	0x1e0
 541 01f5 0C        		.uleb128 0xc
 542 01f6 E001 0000 		.long	0x1e0
 543 01fa 0A        		.uleb128 0xa
 544 01fb 7800 0000 		.long	0x78
 545 01ff 0A02 0000 		.long	0x20a
 546 0203 0B        		.uleb128 0xb
 547 0204 AE01 0000 		.long	0x1ae
 548 0208 08        		.byte	0x8
 549 0209 00        		.byte	0x0
 550 020a 0C        		.uleb128 0xc
 551 020b FA01 0000 		.long	0x1fa
 552 020f 00        		.byte	0x0
 553               		.section	.debug_abbrev
 554 0000 01        		.uleb128 0x1
 555 0001 11        		.uleb128 0x11
 556 0002 01        		.byte	0x1
 557 0003 25        		.uleb128 0x25
 558 0004 0E        		.uleb128 0xe
 559 0005 13        		.uleb128 0x13
 560 0006 0B        		.uleb128 0xb
 561 0007 03        		.uleb128 0x3
 562 0008 0E        		.uleb128 0xe
 563 0009 11        		.uleb128 0x11
 564 000a 01        		.uleb128 0x1
GAS LISTING C:\DOCUME~1\hut\LOCALS~1\Temp/ccqMyg3g.s 			page 11


 565 000b 12        		.uleb128 0x12
 566 000c 01        		.uleb128 0x1
 567 000d 10        		.uleb128 0x10
 568 000e 06        		.uleb128 0x6
 569 000f 00        		.byte	0x0
 570 0010 00        		.byte	0x0
 571 0011 02        		.uleb128 0x2
 572 0012 24        		.uleb128 0x24
 573 0013 00        		.byte	0x0
 574 0014 0B        		.uleb128 0xb
 575 0015 0B        		.uleb128 0xb
 576 0016 3E        		.uleb128 0x3e
 577 0017 0B        		.uleb128 0xb
 578 0018 03        		.uleb128 0x3
 579 0019 0E        		.uleb128 0xe
 580 001a 00        		.byte	0x0
 581 001b 00        		.byte	0x0
 582 001c 03        		.uleb128 0x3
 583 001d 24        		.uleb128 0x24
 584 001e 00        		.byte	0x0
 585 001f 0B        		.uleb128 0xb
 586 0020 0B        		.uleb128 0xb
 587 0021 3E        		.uleb128 0x3e
 588 0022 0B        		.uleb128 0xb
 589 0023 03        		.uleb128 0x3
 590 0024 08        		.uleb128 0x8
 591 0025 00        		.byte	0x0
 592 0026 00        		.byte	0x0
 593 0027 04        		.uleb128 0x4
 594 0028 24        		.uleb128 0x24
 595 0029 00        		.byte	0x0
 596 002a 0B        		.uleb128 0xb
 597 002b 0B        		.uleb128 0xb
 598 002c 3E        		.uleb128 0x3e
 599 002d 0B        		.uleb128 0xb
 600 002e 00        		.byte	0x0
 601 002f 00        		.byte	0x0
 602 0030 05        		.uleb128 0x5
 603 0031 16        		.uleb128 0x16
 604 0032 00        		.byte	0x0
 605 0033 03        		.uleb128 0x3
 606 0034 08        		.uleb128 0x8
 607 0035 3A        		.uleb128 0x3a
 608 0036 0B        		.uleb128 0xb
 609 0037 3B        		.uleb128 0x3b
 610 0038 0B        		.uleb128 0xb
 611 0039 49        		.uleb128 0x49
 612 003a 13        		.uleb128 0x13
 613 003b 00        		.byte	0x0
 614 003c 00        		.byte	0x0
 615 003d 06        		.uleb128 0x6
 616 003e 2E        		.uleb128 0x2e
 617 003f 01        		.byte	0x1
 618 0040 3F        		.uleb128 0x3f
 619 0041 0C        		.uleb128 0xc
 620 0042 03        		.uleb128 0x3
 621 0043 0E        		.uleb128 0xe
GAS LISTING C:\DOCUME~1\hut\LOCALS~1\Temp/ccqMyg3g.s 			page 12


 622 0044 3A        		.uleb128 0x3a
 623 0045 0B        		.uleb128 0xb
 624 0046 3B        		.uleb128 0x3b
 625 0047 0B        		.uleb128 0xb
 626 0048 27        		.uleb128 0x27
 627 0049 0C        		.uleb128 0xc
 628 004a 11        		.uleb128 0x11
 629 004b 01        		.uleb128 0x1
 630 004c 12        		.uleb128 0x12
 631 004d 01        		.uleb128 0x1
 632 004e 40        		.uleb128 0x40
 633 004f 0A        		.uleb128 0xa
 634 0050 01        		.uleb128 0x1
 635 0051 13        		.uleb128 0x13
 636 0052 00        		.byte	0x0
 637 0053 00        		.byte	0x0
 638 0054 07        		.uleb128 0x7
 639 0055 05        		.uleb128 0x5
 640 0056 00        		.byte	0x0
 641 0057 03        		.uleb128 0x3
 642 0058 0E        		.uleb128 0xe
 643 0059 3A        		.uleb128 0x3a
 644 005a 0B        		.uleb128 0xb
 645 005b 3B        		.uleb128 0x3b
 646 005c 0B        		.uleb128 0xb
 647 005d 49        		.uleb128 0x49
 648 005e 13        		.uleb128 0x13
 649 005f 02        		.uleb128 0x2
 650 0060 06        		.uleb128 0x6
 651 0061 00        		.byte	0x0
 652 0062 00        		.byte	0x0
 653 0063 08        		.uleb128 0x8
 654 0064 05        		.uleb128 0x5
 655 0065 00        		.byte	0x0
 656 0066 03        		.uleb128 0x3
 657 0067 08        		.uleb128 0x8
 658 0068 3A        		.uleb128 0x3a
 659 0069 0B        		.uleb128 0xb
 660 006a 3B        		.uleb128 0x3b
 661 006b 0B        		.uleb128 0xb
 662 006c 49        		.uleb128 0x49
 663 006d 13        		.uleb128 0x13
 664 006e 02        		.uleb128 0x2
 665 006f 06        		.uleb128 0x6
 666 0070 00        		.byte	0x0
 667 0071 00        		.byte	0x0
 668 0072 09        		.uleb128 0x9
 669 0073 34        		.uleb128 0x34
 670 0074 00        		.byte	0x0
 671 0075 03        		.uleb128 0x3
 672 0076 08        		.uleb128 0x8
 673 0077 3A        		.uleb128 0x3a
 674 0078 0B        		.uleb128 0xb
 675 0079 3B        		.uleb128 0x3b
 676 007a 0B        		.uleb128 0xb
 677 007b 49        		.uleb128 0x49
 678 007c 13        		.uleb128 0x13
GAS LISTING C:\DOCUME~1\hut\LOCALS~1\Temp/ccqMyg3g.s 			page 13


 679 007d 02        		.uleb128 0x2
 680 007e 0A        		.uleb128 0xa
 681 007f 00        		.byte	0x0
 682 0080 00        		.byte	0x0
 683 0081 0A        		.uleb128 0xa
 684 0082 01        		.uleb128 0x1
 685 0083 01        		.byte	0x1
 686 0084 49        		.uleb128 0x49
 687 0085 13        		.uleb128 0x13
 688 0086 01        		.uleb128 0x1
 689 0087 13        		.uleb128 0x13
 690 0088 00        		.byte	0x0
 691 0089 00        		.byte	0x0
 692 008a 0B        		.uleb128 0xb
 693 008b 21        		.uleb128 0x21
 694 008c 00        		.byte	0x0
 695 008d 49        		.uleb128 0x49
 696 008e 13        		.uleb128 0x13
 697 008f 2F        		.uleb128 0x2f
 698 0090 0B        		.uleb128 0xb
 699 0091 00        		.byte	0x0
 700 0092 00        		.byte	0x0
 701 0093 0C        		.uleb128 0xc
 702 0094 26        		.uleb128 0x26
 703 0095 00        		.byte	0x0
 704 0096 49        		.uleb128 0x49
 705 0097 13        		.uleb128 0x13
 706 0098 00        		.byte	0x0
 707 0099 00        		.byte	0x0
 708 009a 00        		.byte	0x0
 709               		.section	.debug_pubnames,"",@progbits
 710 0000 6F00 0000 		.long	0x6f
 711 0004 0200      		.word	0x2
 712 0006 0000 0000 		.long	.Ldebug_info0
 713 000a 1002 0000 		.long	0x210
 714 000e 7F00 0000 		.long	0x7f
 715 0012 7674 3130 		.string	"vt100SetCursorPos"
 715      3053 6574 
 715      4375 7273 
 715      6F72 506F 
 715      7300 
 716 0024 C700 0000 		.long	0xc7
 717 0028 7674 3130 		.string	"vt100SetCursorMode"
 717      3053 6574 
 717      4375 7273 
 717      6F72 4D6F 
 717      6465 00
 718 003b 1101 0000 		.long	0x111
 719 003f 7674 3130 		.string	"vt100SetAttr"
 719      3053 6574 
 719      4174 7472 
 719      00
 720 004c 4A01 0000 		.long	0x14a
 721 0050 7674 3130 		.string	"vt100ClearScreen"
 721      3043 6C65 
 721      6172 5363 
 721      7265 656E 
GAS LISTING C:\DOCUME~1\hut\LOCALS~1\Temp/ccqMyg3g.s 			page 14


 721      00
 722 0061 7401 0000 		.long	0x174
 723 0065 7674 3130 		.string	"vt100Init"
 723      3049 6E69 
 723      7400 
 724 006f 0000 0000 		.long	0x0
 725               		.section	.debug_aranges,"",@progbits
 726 0000 1C00 0000 		.long	0x1c
 727 0004 0200      		.word	0x2
 728 0006 0000 0000 		.long	.Ldebug_info0
 729 000a 04        		.byte	0x4
 730 000b 00        		.byte	0x0
 731 000c 0000      		.word	0x0
 732 000e 0000      		.word	0x0
 733 0010 0000 0000 		.long	.Ltext0
 734 0014 8600 0000 		.long	.Letext0-.Ltext0
 735 0018 0000 0000 		.long	0x0
 736 001c 0000 0000 		.long	0x0
 737               		.section	.debug_line
 738 0000 D200 0000 		.long	.LELT0-.LSLT0
 739               	.LSLT0:
 740 0004 0200      		.word	0x2
 741 0006 3E00 0000 		.long	.LELTP0-.LASLTP0
 742               	.LASLTP0:
 743 000a 01        		.byte	0x1
 744 000b 01        		.byte	0x1
 745 000c F6        		.byte	0xf6
 746 000d F5        		.byte	0xf5
 747 000e 0A        		.byte	0xa
 748 000f 00        		.byte	0x0
 749 0010 01        		.byte	0x1
 750 0011 01        		.byte	0x1
 751 0012 01        		.byte	0x1
 752 0013 01        		.byte	0x1
 753 0014 00        		.byte	0x0
 754 0015 00        		.byte	0x0
 755 0016 00        		.byte	0x0
 756 0017 01        		.byte	0x1
 757 0018 433A 5C41 		.ascii	"C:\\AVRCode\\AVRlib"
 757      5652 436F 
 757      6465 5C41 
 757      5652 6C69 
 757      62
 758 0029 00        		.byte	0
 759 002a 00        		.byte	0x0
 760 002b 7674 3130 		.string	"vt100.c"
 760      302E 6300 
 761 0033 01        		.uleb128 0x1
 762 0034 00        		.uleb128 0x0
 763 0035 00        		.uleb128 0x0
 764 0036 6176 726C 		.string	"avrlibtypes.h"
 764      6962 7479 
 764      7065 732E 
 764      6800 
 765 0044 01        		.uleb128 0x1
 766 0045 00        		.uleb128 0x0
 767 0046 00        		.uleb128 0x0
GAS LISTING C:\DOCUME~1\hut\LOCALS~1\Temp/ccqMyg3g.s 			page 15


 768 0047 00        		.byte	0x0
 769               	.LELTP0:
 770 0048 00        		.byte	0x0
 771 0049 05        		.uleb128 0x5
 772 004a 02        		.byte	0x2
 773 004b 0000 0000 		.long	.LM1
 774 004f 54        		.byte	0x54
 775 0050 00        		.byte	0x0
 776 0051 05        		.uleb128 0x5
 777 0052 02        		.byte	0x2
 778 0053 0000 0000 		.long	.LM2
 779 0057 16        		.byte	0x16
 780 0058 00        		.byte	0x0
 781 0059 05        		.uleb128 0x5
 782 005a 02        		.byte	0x2
 783 005b 0000 0000 		.long	.LM3
 784 005f 15        		.byte	0x15
 785 0060 00        		.byte	0x0
 786 0061 05        		.uleb128 0x5
 787 0062 02        		.byte	0x2
 788 0063 0000 0000 		.long	.LM4
 789 0067 03        		.byte	0x3
 790 0068 73        		.sleb128 -13
 791 0069 01        		.byte	0x1
 792 006a 00        		.byte	0x0
 793 006b 05        		.uleb128 0x5
 794 006c 02        		.byte	0x2
 795 006d 0000 0000 		.long	.LM5
 796 0071 15        		.byte	0x15
 797 0072 00        		.byte	0x0
 798 0073 05        		.uleb128 0x5
 799 0074 02        		.byte	0x2
 800 0075 0000 0000 		.long	.LM6
 801 0079 16        		.byte	0x16
 802 007a 00        		.byte	0x0
 803 007b 05        		.uleb128 0x5
 804 007c 02        		.byte	0x2
 805 007d 0000 0000 		.long	.LM7
 806 0081 17        		.byte	0x17
 807 0082 00        		.byte	0x0
 808 0083 05        		.uleb128 0x5
 809 0084 02        		.byte	0x2
 810 0085 0000 0000 		.long	.LM8
 811 0089 03        		.byte	0x3
 812 008a 74        		.sleb128 -12
 813 008b 01        		.byte	0x1
 814 008c 00        		.byte	0x0
 815 008d 05        		.uleb128 0x5
 816 008e 02        		.byte	0x2
 817 008f 0000 0000 		.long	.LM9
 818 0093 16        		.byte	0x16
 819 0094 00        		.byte	0x0
 820 0095 05        		.uleb128 0x5
 821 0096 02        		.byte	0x2
 822 0097 0000 0000 		.long	.LM10
 823 009b 15        		.byte	0x15
 824 009c 00        		.byte	0x0
GAS LISTING C:\DOCUME~1\hut\LOCALS~1\Temp/ccqMyg3g.s 			page 16


 825 009d 05        		.uleb128 0x5
 826 009e 02        		.byte	0x2
 827 009f 0000 0000 		.long	.LM11
 828 00a3 0B        		.byte	0xb
 829 00a4 00        		.byte	0x0
 830 00a5 05        		.uleb128 0x5
 831 00a6 02        		.byte	0x2
 832 00a7 0000 0000 		.long	.LM12
 833 00ab 16        		.byte	0x16
 834 00ac 00        		.byte	0x0
 835 00ad 05        		.uleb128 0x5
 836 00ae 02        		.byte	0x2
 837 00af 0000 0000 		.long	.LM13
 838 00b3 15        		.byte	0x15
 839 00b4 00        		.byte	0x0
 840 00b5 05        		.uleb128 0x5
 841 00b6 02        		.byte	0x2
 842 00b7 0000 0000 		.long	.LM14
 843 00bb 0A        		.byte	0xa
 844 00bc 00        		.byte	0x0
 845 00bd 05        		.uleb128 0x5
 846 00be 02        		.byte	0x2
 847 00bf 0000 0000 		.long	.LM15
 848 00c3 17        		.byte	0x17
 849 00c4 00        		.byte	0x0
 850 00c5 05        		.uleb128 0x5
 851 00c6 02        		.byte	0x2
 852 00c7 0000 0000 		.long	.LM16
 853 00cb 15        		.byte	0x15
 854 00cc 00        		.byte	0x0
 855 00cd 05        		.uleb128 0x5
 856 00ce 02        		.byte	0x2
 857 00cf 0000 0000 		.long	.Letext0
 858 00d3 00        		.byte	0x0
 859 00d4 01        		.uleb128 0x1
 860 00d5 01        		.byte	0x1
 861               	.LELT0:
 862 00d6 1900 0000 		.section	.debug_str,"MS",@progbits,1
 862      0200 1300 
 862      0000 0101 
 862      FB0E 0D00 
 862      0101 0101 
 863               	.LASF16:
 864 0000 7674 3130 		.string	"vt100ClearScreen"
 864      3043 6C65 
 864      6172 5363 
 864      7265 656E 
 864      00
 865               	.LASF14:
 866 0011 7674 3130 		.string	"vt100SetAttr"
 866      3053 6574 
 866      4174 7472 
 866      00
 867               	.LASF11:
 868 001e 7674 3130 		.string	"vt100SetCursorPos"
 868      3053 6574 
 868      4375 7273 
GAS LISTING C:\DOCUME~1\hut\LOCALS~1\Temp/ccqMyg3g.s 			page 17


 868      6F72 506F 
 868      7300 
 869               	.LASF17:
 870 0030 7674 3130 		.string	"vt100Init"
 870      3049 6E69 
 870      7400 
 871               	.LASF12:
 872 003a 7674 3130 		.string	"vt100SetCursorMode"
 872      3053 6574 
 872      4375 7273 
 872      6F72 4D6F 
 872      6465 00
 873               	.LASF1:
 874 004d 756E 7369 		.string	"unsigned char"
 874      676E 6564 
 874      2063 6861 
 874      7200 
 875               	.LASF4:
 876 005b 6C6F 6E67 		.string	"long unsigned int"
 876      2075 6E73 
 876      6967 6E65 
 876      6420 696E 
 876      7400 
 877               	.LASF18:
 878 006d 474E 5520 		.string	"GNU C 4.3.0"
 878      4320 342E 
 878      332E 3000 
 879               	.LASF7:
 880 0079 7368 6F72 		.string	"short unsigned int"
 880      7420 756E 
 880      7369 676E 
 880      6564 2069 
 880      6E74 00
 881               	.LASF15:
 882 008c 6174 7472 		.string	"attr"
 882      00
 883               	.LASF2:
 884 0091 756E 7369 		.string	"unsigned int"
 884      676E 6564 
 884      2069 6E74 
 884      00
 885               	.LASF6:
 886 009e 6C6F 6E67 		.string	"long long unsigned int"
 886      206C 6F6E 
 886      6720 756E 
 886      7369 676E 
 886      6564 2069 
 887               	.LASF10:
 888 00b5 6C69 6E65 		.string	"line"
 888      00
 889               	.LASF19:
 890 00ba 433A 5C41 		.string	"C:\\AVRCode\\AVRlib/vt100.c"
 890      5652 436F 
 890      6465 5C41 
 890      5652 6C69 
 890      622F 7674 
 891               	.LASF5:
GAS LISTING C:\DOCUME~1\hut\LOCALS~1\Temp/ccqMyg3g.s 			page 18


 892 00d4 6C6F 6E67 		.string	"long long int"
 892      206C 6F6E 
 892      6720 696E 
 892      7400 
 893               	.LASF9:
 894 00e2 6368 6172 		.string	"char"
 894      00
 895               	.LASF8:
 896 00e7 7368 6F72 		.string	"short int"
 896      7420 696E 
 896      7400 
 897               	.LASF3:
 898 00f1 6C6F 6E67 		.string	"long int"
 898      2069 6E74 
 898      00
 899               	.LASF13:
 900 00fa 7669 7369 		.string	"visible"
 900      626C 6500 
 901               	.LASF0:
 902 0102 7369 676E 		.string	"signed char"
 902      6564 2063 
 902      6861 7200 
GAS LISTING C:\DOCUME~1\hut\LOCALS~1\Temp/ccqMyg3g.s 			page 19


DEFINED SYMBOLS
                            *ABS*:00000000 vt100.c
C:\DOCUME~1\hut\LOCALS~1\Temp/ccqMyg3g.s:2      *ABS*:0000003f __SREG__
C:\DOCUME~1\hut\LOCALS~1\Temp/ccqMyg3g.s:3      *ABS*:0000003e __SP_H__
C:\DOCUME~1\hut\LOCALS~1\Temp/ccqMyg3g.s:4      *ABS*:0000003d __SP_L__
C:\DOCUME~1\hut\LOCALS~1\Temp/ccqMyg3g.s:5      *ABS*:00000034 __CCP__
C:\DOCUME~1\hut\LOCALS~1\Temp/ccqMyg3g.s:6      *ABS*:00000000 __tmp_reg__
C:\DOCUME~1\hut\LOCALS~1\Temp/ccqMyg3g.s:7      *ABS*:00000001 __zero_reg__
C:\DOCUME~1\hut\LOCALS~1\Temp/ccqMyg3g.s:20     .text:00000000 vt100SetCursorPos
C:\DOCUME~1\hut\LOCALS~1\Temp/ccqMyg3g.s:158    .progmem.data:00000000 __c.1393
C:\DOCUME~1\hut\LOCALS~1\Temp/ccqMyg3g.s:59     .text:0000002e vt100SetCursorMode
C:\DOCUME~1\hut\LOCALS~1\Temp/ccqMyg3g.s:166    .progmem.data:00000010 __c.1385
C:\DOCUME~1\hut\LOCALS~1\Temp/ccqMyg3g.s:162    .progmem.data:00000009 __c.1387
C:\DOCUME~1\hut\LOCALS~1\Temp/ccqMyg3g.s:93     .text:00000050 vt100SetAttr
C:\DOCUME~1\hut\LOCALS~1\Temp/ccqMyg3g.s:170    .progmem.data:00000017 __c.1379
C:\DOCUME~1\hut\LOCALS~1\Temp/ccqMyg3g.s:125    .text:00000072 vt100ClearScreen
C:\DOCUME~1\hut\LOCALS~1\Temp/ccqMyg3g.s:174    .progmem.data:0000001d __c.1374
C:\DOCUME~1\hut\LOCALS~1\Temp/ccqMyg3g.s:141    .text:0000007c vt100Init
C:\DOCUME~1\hut\LOCALS~1\Temp/ccqMyg3g.s:178    .progmem.data:00000022 __c.1369

UNDEFINED SYMBOLS
__do_copy_data
__do_clear_bss
rprintf1RamRom
rprintfProgStr
